<?xml version="1.0" encoding="UTF-8"?>
<!-- Generated by org.testng.reporters.JUnitReportReporter -->
<testsuite skipped="0" hostname="Sonika" name="googleSearch.SearchFunctionality" tests="1" failures="0" timestamp="10 May 2020 14:09:04 GMT" time="5.319" errors="0">
  <testcase name="search" time="5.319" classname="googleSearch.SearchFunctionality"/>
</testsuite> <!-- googleSearch.SearchFunctionality -->
